{"logTime": "0517/181219", "correlationVector":"53FgDRgWqF1PewX9GxXsvf.1","action":"SyncServerConnectionManagerRequest", "result":"SYNC_SERVER_OK", "context":{"environment":"Prod_japanwest_prod-s01-066-apac-japanwest", "migrationStage":"NotStarted", "server":"akswtt11300000j"}}
{"logTime": "0517/181219", "correlationVector":"53FgDRgWqF1PewX9GxXsvf.2","action":"ProcessGetUpdates", "result":"Done", "context":{"dataType":"Encryption Keys", "deleted":"0", "process_failed_to_decrypt":"0", "process_pending_decryption":"0", "process_success":"1", "total":"1"}}
{"logTime": "0517/181220", "correlationVector":"0jOYyFzxbBDnoK9CVY6/eM","action":"SyncServerConnectionManagerRequest", "result":"SYNC_SERVER_OK", "context":{"environment":"", "migrationStage":"", "server":""}}
{"logTime": "0517/181220", "correlationVector":"0jOYyFzxbBDnoK9CVY6/eM.0","action":"EncryptionKeysFetcher.DownloadKeys:", "result":"Success", "context":Key count: 6, Last key timestamp: 2026-05-17T18:08:32Z}
{"logTime": "0517/181220", "correlationVector":"0jOYyFzxbBDnoK9CVY6/eM.1","action":"EncryptionKeysManager::SetEncryptionKeys:", "result":"Success", "context":Key names[6]:[iv5lMO8F2zih5lt2ShhwywQ6L0c8IAMjFgyFlUDLCAwB0llSducBFO+h8mL2EFrI4dil87XqCyVi3HyKeCHoXA==][MqhP7J2es2txJf6Acvw0ZYquWvN5Dlx0wZSWtSSUNDaHsXlq1oWCUK3Q0ucEihrFPqoX0siy5RE96tTD5KYj2A==][BaAkHsntsaW99axam1x39pRjtDjZydSQH/U2YUPuNUQAWZAZb1V59jv8N9W35s/o0WPBSk1NfLWhJfnzgvr9iA==][u2nrRjAw0sWETx8eFw/bwKeGHZjZUX9NR3crk731dtik9TTlfqwxsVfS4HSxhH+f6pjCOFz+X4zZjFE07tsjZA==][N+HcsSHKVlTy1sdVH897fmhLm3C1rjuBzeCwsvcjzYhzmqO4o+e7LpGMmfOqsha5ETO9cwSTHsE29ElOW0hcFw==][PS76xtXr1gcnSLAjTRppye0H59OKZPKCAiYydw6QEsLc5JVwKWj4CN3ni8GsuZHcpYPubCpD8apaTmQOhwYjCQ==]}
{"logTime": "0517/181220", "correlationVector":"0jOYyFzxbBDnoK9CVY6/eM.2","action":"EncryptionKeysManager::SetEncryptionKeysWithTimestamps:", "result":"Success", "context":Key timestamps[6]:[2022-07-11T02:37:32Z][2023-02-06T04:01:26Z][2023-10-09T06:27:42Z][2024-04-12T07:23:30Z][2025-01-06T07:04:13Z][2026-05-17T18:08:32Z]}
{"logTime": "0517/181220", "correlationVector":"53FgDRgWqF1PewX9GxXsvf","action":"Initial GetUpdates", "result":"", "context":Reason: NEW_CLIENT. cV=53FgDRgWqF1PewX9GxXsvf}
{"logTime": "0517/181220", "correlationVector":"53FgDRgWqF1PewX9GxXsvf.3","action":"GetUpdates Response", "result":"Success", "context":Received 1 update(s). cV=53FgDRgWqF1PewX9GxXsvf.0;server=akswtt11300000j;cloudType=Consumer;environment=Prod_japanwest_prod-s01-066-apac-japanwest;migrationStage=NotStarted}
{"logTime": "0517/181220", "correlationVector":"Y++v6bRYR3j2hfbB4swN8L","action":"Initial GetUpdates", "result":"", "context":Reason: NEWLY_SUPPORTED_DATATYPE. cV=Y++v6bRYR3j2hfbB4swN8L}
{"logTime": "0517/181220", "correlationVector":"Y++v6bRYR3j2hfbB4swN8L.1","action":"SyncServerConnectionManagerRequest", "result":"SYNC_SERVER_OK", "context":{"environment":"Prod_japanwest_prod-s01-066-apac-japanwest", "migrationStage":"NotStarted", "server":"akswtt11300000v"}}
{"logTime": "0517/181220", "correlationVector":"Y++v6bRYR3j2hfbB4swN8L.2","action":"ProcessGetUpdates", "result":"Done", "context":{"dataType":"Preferences", "deleted":"0", "process_failed_to_decrypt":"0", "process_pending_decryption":"0", "process_success":"33", "total":"33"}}
{"logTime": "0517/181220", "correlationVector":"Y++v6bRYR3j2hfbB4swN8L.3","action":"ProcessGetUpdates", "result":"Done", "context":{"dataType":"Device Info", "deleted":"0", "process_failed_to_decrypt":"0", "process_pending_decryption":"0", "process_success":"2", "total":"2"}}
{"logTime": "0517/181220", "correlationVector":"Y++v6bRYR3j2hfbB4swN8L.4","action":"GetUpdates Response", "result":"Success", "context":Received 35 update(s). cV=Y++v6bRYR3j2hfbB4swN8L.0;server=akswtt11300000v;cloudType=Consumer;environment=Prod_japanwest_prod-s01-066-apac-japanwest;migrationStage=NotStarted}
{"logTime": "0517/181220", "correlationVector":"FPu9bjp7LTH5FluWETNtBV","action":"Initial GetUpdates", "result":"", "context":Reason: NEWLY_SUPPORTED_DATATYPE. cV=FPu9bjp7LTH5FluWETNtBV}
{"logTime": "0517/181220", "correlationVector":"FPu9bjp7LTH5FluWETNtBV.1","action":"SyncServerConnectionManagerRequest", "result":"SYNC_SERVER_OK", "context":{"environment":"Prod_japanwest_prod-s01-066-apac-japanwest", "migrationStage":"NotStarted", "server":"akswtt11300000d"}}
{"logTime": "0517/181220", "correlationVector":"FPu9bjp7LTH5FluWETNtBV.2","action":"ProcessGetUpdates", "result":"Done", "context":{"dataType":"Bookmarks", "deleted":"0", "process_failed_to_decrypt":"0", "process_pending_decryption":"0", "process_success":"6", "total":"6"}}
{"logTime": "0517/181220", "correlationVector":"FPu9bjp7LTH5FluWETNtBV.3","action":"GetUpdates Response", "result":"Success", "context":Received 6 update(s). cV=FPu9bjp7LTH5FluWETNtBV.0;server=akswtt11300000d;cloudType=Consumer;environment=Prod_japanwest_prod-s01-066-apac-japanwest;migrationStage=NotStarted}
{"logTime": "0517/181220", "correlationVector":"bdn7B3drnEY4fE4WY7dyS3","action":"Initial GetUpdates", "result":"", "context":Reason: NEWLY_SUPPORTED_DATATYPE. cV=bdn7B3drnEY4fE4WY7dyS3}
{"logTime": "0517/181220", "correlationVector":"bdn7B3drnEY4fE4WY7dyS3.1","action":"SyncServerConnectionManagerRequest", "result":"SYNC_SERVER_OK", "context":{"environment":"Prod_japanwest_prod-s01-066-apac-japanwest", "migrationStage":"NotStarted", "server":"akswtt11300000v"}}
{"logTime": "0517/181220", "correlationVector":"bdn7B3drnEY4fE4WY7dyS3.2","action":"ProcessGetUpdates", "result":"Done", "context":{"dataType":"Autofill", "deleted":"0", "process_failed_to_decrypt":"0", "process_pending_decryption":"0", "process_success":"1", "total":"1"}}
{"logTime": "0517/181220", "correlationVector":"bdn7B3drnEY4fE4WY7dyS3.3","action":"ProcessGetUpdates", "result":"Done", "context":{"dataType":"Sessions", "deleted":"0", "process_failed_to_decrypt":"0", "process_pending_decryption":"0", "process_success":"2", "total":"2"}}
{"logTime": "0517/181220", "correlationVector":"bdn7B3drnEY4fE4WY7dyS3.4","action":"GetUpdates Response", "result":"Success", "context":Received 3 update(s). cV=bdn7B3drnEY4fE4WY7dyS3.0;server=akswtt11300000v;cloudType=Consumer;environment=Prod_japanwest_prod-s01-066-apac-japanwest;migrationStage=NotStarted}
{"logTime": "0517/181220", "correlationVector":"3CZRyg4xtrhWprVsM4nvoL","action":"Initial GetUpdates", "result":"", "context":Reason: NEWLY_SUPPORTED_DATATYPE. cV=3CZRyg4xtrhWprVsM4nvoL}
{"logTime": "0517/181220", "correlationVector":"3CZRyg4xtrhWprVsM4nvoL.1","action":"SyncServerConnectionManagerRequest", "result":"SYNC_SERVER_OK", "context":{"environment":"Prod_japanwest_prod-s01-066-apac-japanwest", "migrationStage":"NotStarted", "server":"akswtt113000009"}}
{"logTime": "0517/181220", "correlationVector":"3CZRyg4xtrhWprVsM4nvoL.2","action":"GetUpdates Response", "result":"Success", "context":Received 0 update(s). cV=3CZRyg4xtrhWprVsM4nvoL.0;server=akswtt113000009;cloudType=Consumer;environment=Prod_japanwest_prod-s01-066-apac-japanwest;migrationStage=NotStarted}
{"logTime": "0517/181220", "correlationVector":"YyrwiT+zu8rF1bsIxCFT0B","action":"Normal GetUpdate request", "result":"", "context":cV=YyrwiT+zu8rF1bsIxCFT0B
Nudged types: Sessions, Device Info, User Consents
Refresh requested types: Bookmarks, Preferences, Passwords, Autofill Profiles, Autofill, Extensions, Sessions, Extension settings, History Delete Directives, Device Info, User Consents, Send Tab To Self, Web Apps, History, Saved Tab Group, WebAuthn Credentials, Collection, Edge E Drop, Edge Hub App Usage, Edge Wallet, Edge Workspace, Encryption Keys}
{"logTime": "0517/181221", "correlationVector":"YyrwiT+zu8rF1bsIxCFT0B.1","action":"SyncServerConnectionManagerRequest", "result":"SYNC_SERVER_OK", "context":{"environment":"Prod_japanwest_prod-s01-066-apac-japanwest", "migrationStage":"NotStarted", "server":"akswtt11300000v"}}
{"logTime": "0517/181221", "correlationVector":"YyrwiT+zu8rF1bsIxCFT0B.2","action":"GetUpdates Response", "result":"Success", "context":Received 0 update(s). cV=YyrwiT+zu8rF1bsIxCFT0B.0;server=akswtt11300000v;cloudType=Consumer;environment=Prod_japanwest_prod-s01-066-apac-japanwest;migrationStage=NotStarted}
{"logTime": "0517/181221", "correlationVector":"AfQ3oYN9wDnJj2tISBnVfR","action":"DoCompareDataConsistency requsted types: ", "result":"Bookmarks, Preferences, Passwords, Extensions, Extension settings, History Delete Directives, Send Tab To Self, Web Apps, History, Saved Tab Group, WebAuthn Credentials, Collection, Edge E Drop, Edge Wallet, Edge Workspace, Encryption Keys"}
{"logTime": "0517/181221", "correlationVector":"AfQ3oYN9wDnJj2tISBnVfR.0","action":"CompareDataConsistency result: ", "result":"Compare result: Encryption Keys is consistent. local entities count is: 1 local entities hash is: KKXB7yVcv/rBiYY00EuLcPRkquM="}
{"logTime": "0517/181221", "correlationVector":"AfQ3oYN9wDnJj2tISBnVfR.1","action":"CompareDataConsistency result: ", "result":"Compare result: Bookmarks is consistent. local entities count is: 0 local entities hash is: "}
{"logTime": "0517/181221", "correlationVector":"AfQ3oYN9wDnJj2tISBnVfR.2","action":"CompareDataConsistency result: ", "result":"Compare result: Preferences is consistent. local entities count is: 33 local entities hash is: uYqrh5n5aX8T5E6HzUZQc3Dej+M="}
{"logTime": "0517/181221", "correlationVector":"AfQ3oYN9wDnJj2tISBnVfR.3","action":"CompareDataConsistency result: ", "result":"Compare result: Extensions is consistent. local entities count is: 0 local entities hash is: "}
{"logTime": "0517/181221", "correlationVector":"AfQ3oYN9wDnJj2tISBnVfR.4","action":"CompareDataConsistency result: ", "result":"Compare result: Extension settings is consistent. local entities count is: 0 local entities hash is: "}
{"logTime": "0517/181221", "correlationVector":"AfQ3oYN9wDnJj2tISBnVfR.5","action":"CompareDataConsistency result: ", "result":"Compare result: History Delete Directives is consistent. local entities count is: 0 local entities hash is: "}
{"logTime": "0517/181221", "correlationVector":"AfQ3oYN9wDnJj2tISBnVfR.6","action":"CompareDataConsistency result: ", "result":"Server did not send this Send Tab To Self local entities count is: 0 local entities hash is: "}
{"logTime": "0517/181221", "correlationVector":"AfQ3oYN9wDnJj2tISBnVfR.7","action":"CompareDataConsistency result: ", "result":"Compare result: Web Apps is consistent. local entities count is: 0 local entities hash is: "}
{"logTime": "0517/181221", "correlationVector":"AfQ3oYN9wDnJj2tISBnVfR.8","action":"CompareDataConsistency result: ", "result":"Server did not send this History local entities count is: 0 local entities hash is: "}
{"logTime": "0517/181221", "correlationVector":"AfQ3oYN9wDnJj2tISBnVfR.9","action":"CompareDataConsistency result: ", "result":"Compare result: Saved Tab Group is consistent. local entities count is: 0 local entities hash is: "}
{"logTime": "0517/181221", "correlationVector":"AfQ3oYN9wDnJj2tISBnVfR.10","action":"CompareDataConsistency result: ", "result":"Server did not send this WebAuthn Credentials local entities count is: 0 local entities hash is: "}
{"logTime": "0517/181221", "correlationVector":"AfQ3oYN9wDnJj2tISBnVfR.11","action":"CompareDataConsistency result: ", "result":"Compare result: Collection is consistent. local entities count is: 0 local entities hash is: "}
{"logTime": "0517/181221", "correlationVector":"AfQ3oYN9wDnJj2tISBnVfR.12","action":"CompareDataConsistency result: ", "result":"Compare result: Edge E Drop is consistent. local entities count is: 0 local entities hash is: "}
{"logTime": "0517/181221", "correlationVector":"AfQ3oYN9wDnJj2tISBnVfR.13","action":"CompareDataConsistency result: ", "result":"Compare result: Edge Wallet is consistent. local entities count is: 0 local entities hash is: "}
{"logTime": "0517/181221", "correlationVector":"AfQ3oYN9wDnJj2tISBnVfR.14","action":"CompareDataConsistency result: ", "result":"Server did not send this Edge Workspace local entities count is: 0 local entities hash is: "}
{"logTime": "0517/181221", "correlationVector":"AfQ3oYN9wDnJj2tISBnVfR.15","action":"CompareDataConsistency result: ", "result":"Compare result: Passwords is consistent. local entities count is: 0 local entities hash is: "}
{"logTime": "0517/181221", "correlationVector":"3EZBNgit6wKzFUFy/0ytuh","action":"Commit Request", "result":"", "context":Item count: 4
Contributing types: Sessions, Device Info, User Consents}
{"logTime": "0517/181221", "correlationVector":"3EZBNgit6wKzFUFy/0ytuh.1","action":"SyncServerConnectionManagerRequest", "result":"SYNC_SERVER_OK", "context":{"environment":"Prod_japanwest_prod-s01-066-apac-japanwest", "migrationStage":"NotStarted", "server":"akswtt11300000u"}}
{"logTime": "0517/181221", "correlationVector":"3EZBNgit6wKzFUFy/0ytuh.2","action":"Commit Response", "result":"Success", "context":Result: Success. cV=3EZBNgit6wKzFUFy/0ytuh.0;server=akswtt11300000u;cloudType=Consumer;environment=Prod_japanwest_prod-s01-066-apac-japanwest;migrationStage=NotStarted}
{"logTime": "0517/181221", "correlationVector":"","action":"DIAGNOSTIC_REQUEST|v1/diagnosticData/Diagnostic.SendCheckResult()|SUCCESS", "result":""}
{"logTime": "0517/184816", "correlationVector":"VV94QqSe+LkSA+Daw0g1ME","action":"Normal GetUpdate request", "result":"", "context":cV=VV94QqSe+LkSA+Daw0g1ME
Nudged types: Preferences, Sessions
Refresh requested types: Bookmarks, Preferences, Passwords, Autofill Profiles, Autofill, Extensions, Sessions, Extension settings, History Delete Directives, Device Info, User Consents, Send Tab To Self, Web Apps, History, Saved Tab Group, WebAuthn Credentials, Collection, Edge E Drop, Edge Hub App Usage, Edge Wallet, Edge Workspace, Encryption Keys}
{"logTime": "0517/184816", "correlationVector":"VV94QqSe+LkSA+Daw0g1ME.1","action":"SyncServerConnectionManagerRequest", "result":"SYNC_SERVER_OK", "context":{"environment":"Prod_japanwest_prod-s01-066-apac-japanwest", "migrationStage":"NotStarted", "server":"akswtt11300000b"}}
{"logTime": "0517/184816", "correlationVector":"VV94QqSe+LkSA+Daw0g1ME.2","action":"ProcessGetUpdates", "result":"Done", "context":{"dataType":"Sessions", "deleted":"0", "process_failed_to_decrypt":"0", "process_pending_decryption":"0", "process_success":"2", "total":"2"}}
{"logTime": "0517/184816", "correlationVector":"VV94QqSe+LkSA+Daw0g1ME.3","action":"GetUpdates Response", "result":"Success", "context":Received 2 update(s). cV=VV94QqSe+LkSA+Daw0g1ME.0;server=akswtt11300000b;cloudType=Consumer;environment=Prod_japanwest_prod-s01-066-apac-japanwest;migrationStage=NotStarted}
{"logTime": "0517/184816", "correlationVector":"GFS9XziFP3QDEny3HZ7jJ7","action":"Commit Request", "result":"", "context":Item count: 7
Contributing types: Preferences, Sessions}
{"logTime": "0517/184816", "correlationVector":"GFS9XziFP3QDEny3HZ7jJ7.1","action":"SyncServerConnectionManagerRequest", "result":"SYNC_SERVER_OK", "context":{"environment":"Prod_japanwest_prod-s01-066-apac-japanwest", "migrationStage":"NotStarted", "server":"akswtt11300000j"}}
{"logTime": "0517/184816", "correlationVector":"GFS9XziFP3QDEny3HZ7jJ7.2","action":"Commit Response", "result":"Success", "context":Result: Success. cV=GFS9XziFP3QDEny3HZ7jJ7.0;server=akswtt11300000j;cloudType=Consumer;environment=Prod_japanwest_prod-s01-066-apac-japanwest;migrationStage=NotStarted}
{"logTime": "0517/185715", "correlationVector":"m0doHx18HyDCcrlQoPkZQQ","action":"Normal GetUpdate request", "result":"", "context":cV=m0doHx18HyDCcrlQoPkZQQ
Nudged types: Sessions
Refresh requested types: Bookmarks, Preferences, Passwords, Autofill Profiles, Autofill, Extensions, Sessions, Extension settings, History Delete Directives, Device Info, User Consents, Send Tab To Self, Web Apps, History, Saved Tab Group, WebAuthn Credentials, Collection, Edge E Drop, Edge Hub App Usage, Edge Wallet, Edge Workspace, Encryption Keys}
{"logTime": "0517/185715", "correlationVector":"m0doHx18HyDCcrlQoPkZQQ.1","action":"SyncServerConnectionManagerRequest", "result":"SYNC_SERVER_OK", "context":{"environment":"Prod_japanwest_prod-s01-066-apac-japanwest", "migrationStage":"NotStarted", "server":"akswtt11300000q"}}
{"logTime": "0517/185715", "correlationVector":"m0doHx18HyDCcrlQoPkZQQ.2","action":"ProcessGetUpdates", "result":"Done", "context":{"dataType":"Preferences", "deleted":"0", "process_failed_to_decrypt":"0", "process_pending_decryption":"0", "process_success":"4", "total":"4"}}
{"logTime": "0517/185715", "correlationVector":"m0doHx18HyDCcrlQoPkZQQ.3","action":"ProcessGetUpdates", "result":"Done", "context":{"dataType":"Sessions", "deleted":"0", "process_failed_to_decrypt":"0", "process_pending_decryption":"0", "process_success":"3", "total":"3"}}
{"logTime": "0517/185715", "correlationVector":"m0doHx18HyDCcrlQoPkZQQ.4","action":"GetUpdates Response", "result":"Success", "context":Received 7 update(s). cV=m0doHx18HyDCcrlQoPkZQQ.0;server=akswtt11300000q;cloudType=Consumer;environment=Prod_japanwest_prod-s01-066-apac-japanwest;migrationStage=NotStarted}
{"logTime": "0517/185715", "correlationVector":"cgYBV9v4iMZQR/8EFEAko7","action":"Commit Request", "result":"", "context":Item count: 3
Contributing types: Sessions}
{"logTime": "0517/185715", "correlationVector":"cgYBV9v4iMZQR/8EFEAko7.1","action":"SyncServerConnectionManagerRequest", "result":"SYNC_SERVER_OK", "context":{"environment":"Prod_japanwest_prod-s01-066-apac-japanwest", "migrationStage":"NotStarted", "server":"akswtt11300000n"}}
{"logTime": "0517/185715", "correlationVector":"cgYBV9v4iMZQR/8EFEAko7.3","action":"Commit.Sessions", "result":"Success", "context":{"id":"07371a05-60d5-4b9e-854a-7ebd14a0a24b", "isDeleted":"true", "size":"0", "version":"1779043695911"}}
{"logTime": "0517/185715", "correlationVector":"cgYBV9v4iMZQR/8EFEAko7.2","action":"Commit Response", "result":"Success", "context":Result: Success. cV=cgYBV9v4iMZQR/8EFEAko7.0;server=akswtt11300000n;cloudType=Consumer;environment=Prod_japanwest_prod-s01-066-apac-japanwest;migrationStage=NotStarted}
